<?xml version="1.0" encoding="UTF-8"?>
<!-- Generated by org.testng.reporters.JUnitXMLReporter -->
<testsuite ignored="10" hostname="DESKTOP-6NQ8E1M" failures="1" tests="9" name="Test" time="54.954" errors="0" timestamp="2024-11-22T22:28:25 IST">
  <testcase classname="test.LoginPageTest" name="LoginToAdactin" time="0.903"/>
  <testcase classname="test.TS_001_LoginWithParametersTest" name="LoginwithParameter" time="0.595"/>
  <testcase classname="test.TS_001_LoginWithParametersTest" name="LoginwithParameter" time="0.507"/>
  <testcase classname="test.TS_001_LoginWithParametersTest" name="LoginwithParameter" time="0.68"/>
  <testcase classname="test.TS_001_LoginWithParametersTest" name="LoginwithParameter" time="0.655"/>
  <testcase classname="test.TS_002_SearchHotelPageTest" name="setHotelDetails" time="11.856"/>
  <testcase classname="test.TS_003_CancelBookingPageTest" name="cancelBooking" time="4.473">
    <failure type="junit.framework.AssertionFailedError">
      <![CDATA[junit.framework.AssertionFailedError
at junit.framework.Assert.fail(Assert.java:47)
at junit.framework.Assert.assertTrue(Assert.java:20)
at junit.framework.Assert.assertTrue(Assert.java:27)
at pages.CancelBookingPage.clickOnCheckAll(CancelBookingPage.java:57)
at test.TS_003_CancelBookingPageTest.cancelBooking(TS_003_CancelBookingPageTest.java:44)
at java.base/java.util.ArrayList.forEach(ArrayList.java:1511)
... Removed 27 stack frames]]>
    </failure>
  </testcase> <!-- cancelBooking -->
  <testcase classname="test.TS_005_LogoutPageTest" name="clickOnLogout" time="1.258"/>
  <testcase classname="test.TS_004_ChangePasswordTest" name="changePassword" time="4.369"/>
  <testcase classname="base.ProjectSpecificMethod" name="@BeforeSuite report" time="0.0">
    <ignored/>
  </testcase> <!-- @BeforeSuite report -->
  <testcase classname="base.ProjectSpecificMethod" name="@AfterTest reportClose" time="0.0">
    <ignored/>
  </testcase> <!-- @AfterTest reportClose -->
  <testcase classname="base.ProjectSpecificMethod" name="@AfterTest reportClose" time="0.0">
    <ignored/>
  </testcase> <!-- @AfterTest reportClose -->
  <testcase classname="base.ProjectSpecificMethod" name="@BeforeSuite report" time="0.0">
    <ignored/>
  </testcase> <!-- @BeforeSuite report -->
  <testcase classname="base.ProjectSpecificMethod" name="@AfterTest reportClose" time="0.0">
    <ignored/>
  </testcase> <!-- @AfterTest reportClose -->
  <testcase classname="base.ProjectSpecificMethod" name="@BeforeSuite report" time="0.0">
    <ignored/>
  </testcase> <!-- @BeforeSuite report -->
  <testcase classname="base.ProjectSpecificMethod" name="@BeforeSuite report" time="0.0">
    <ignored/>
  </testcase> <!-- @BeforeSuite report -->
  <testcase classname="base.ProjectSpecificMethod" name="@AfterTest reportClose" time="0.0">
    <ignored/>
  </testcase> <!-- @AfterTest reportClose -->
  <testcase classname="base.ProjectSpecificMethod" name="@AfterTest reportClose" time="0.0">
    <ignored/>
  </testcase> <!-- @AfterTest reportClose -->
  <testcase classname="base.ProjectSpecificMethod" name="@BeforeSuite report" time="0.0">
    <ignored/>
  </testcase> <!-- @BeforeSuite report -->
</testsuite> <!-- Test -->
