<?xml version="1.0" encoding="UTF-8"?>
<testng-results ignored="0" total="9" passed="8" failed="1" skipped="0">
  <reporter-output>
  </reporter-output>
  <suite started-at="2024-11-22T20:27:22 IST" name="Suite" finished-at="2024-11-22T20:28:10 IST" duration-ms="47852">
    <groups>
    </groups>
    <test started-at="2024-11-22T20:27:22 IST" name="Test" finished-at="2024-11-22T20:28:10 IST" duration-ms="47852">
      <class name="test.TS_003_CancelBookingPageTest">
        <test-method is-config="true" signature="setup()[pri:0, instance:test.TS_003_CancelBookingPageTest@78691363]" started-at="2024-11-22T20:27:22 IST" name="setup" finished-at="2024-11-22T20:27:22 IST" duration-ms="0" status="PASS">
          <reporter-output>
          </reporter-output>
        </test-method> <!-- setup -->
        <test-method is-config="true" signature="testDetails()[pri:0, instance:test.TS_003_CancelBookingPageTest@78691363]" started-at="2024-11-22T20:27:52 IST" name="testDetails" finished-at="2024-11-22T20:27:52 IST" duration-ms="1" status="PASS">
          <reporter-output>
          </reporter-output>
        </test-method> <!-- testDetails -->
        <test-method is-config="true" signature="openBrowser()[pri:0, instance:test.TS_003_CancelBookingPageTest@78691363]" started-at="2024-11-22T20:27:52 IST" name="openBrowser" finished-at="2024-11-22T20:27:54 IST" duration-ms="2487" status="PASS">
          <reporter-output>
          </reporter-output>
        </test-method> <!-- openBrowser -->
        <test-method signature="cancelBooking()[pri:0, instance:test.TS_003_CancelBookingPageTest@78691363]" started-at="2024-11-22T20:27:54 IST" name="cancelBooking" finished-at="2024-11-22T20:27:59 IST" duration-ms="4745" status="FAIL">
          <exception class="junit.framework.AssertionFailedError">
            <full-stacktrace>
              <![CDATA[junit.framework.AssertionFailedError
at junit.framework.Assert.fail(Assert.java:47)
at junit.framework.Assert.assertTrue(Assert.java:20)
at junit.framework.Assert.assertTrue(Assert.java:27)
at pages.CancelBookingPage.clickOnCheckAll(CancelBookingPage.java:57)
at test.TS_003_CancelBookingPageTest.cancelBooking(TS_003_CancelBookingPageTest.java:44)
at java.base/jdk.internal.reflect.DirectMethodHandleAccessor.invoke(DirectMethodHandleAccessor.java:103)
at java.base/java.lang.reflect.Method.invoke(Method.java:580)
at org.testng.internal.invokers.MethodInvocationHelper.invokeMethod(MethodInvocationHelper.java:139)
at org.testng.internal.invokers.TestInvoker.invokeMethod(TestInvoker.java:664)
at org.testng.internal.invokers.TestInvoker.invokeTestMethod(TestInvoker.java:227)
at org.testng.internal.invokers.MethodRunner.runInSequence(MethodRunner.java:50)
at org.testng.internal.invokers.TestInvoker$MethodInvocationAgent.invoke(TestInvoker.java:957)
at org.testng.internal.invokers.TestInvoker.invokeTestMethods(TestInvoker.java:200)
at org.testng.internal.invokers.TestMethodWorker.invokeTestMethods(TestMethodWorker.java:148)
at org.testng.internal.invokers.TestMethodWorker.run(TestMethodWorker.java:128)
at java.base/java.util.ArrayList.forEach(ArrayList.java:1597)
at org.testng.TestRunner.privateRun(TestRunner.java:848)
at org.testng.TestRunner.run(TestRunner.java:621)
at org.testng.SuiteRunner.runTest(SuiteRunner.java:443)
at org.testng.SuiteRunner.runSequentially(SuiteRunner.java:437)
at org.testng.SuiteRunner.privateRun(SuiteRunner.java:397)
at org.testng.SuiteRunner.run(SuiteRunner.java:336)
at org.testng.SuiteRunnerWorker.runSuite(SuiteRunnerWorker.java:52)
at org.testng.SuiteRunnerWorker.run(SuiteRunnerWorker.java:95)
at org.testng.TestNG.runSuitesSequentially(TestNG.java:1280)
at org.testng.TestNG.runSuitesLocally(TestNG.java:1200)
at org.testng.TestNG.runSuites(TestNG.java:1114)
at org.testng.TestNG.run(TestNG.java:1082)
at org.apache.maven.surefire.testng.TestNGExecutor.run(TestNGExecutor.java:308)
at org.apache.maven.surefire.testng.TestNGXmlTestSuite.execute(TestNGXmlTestSuite.java:71)
at org.apache.maven.surefire.testng.TestNGProvider.invoke(TestNGProvider.java:113)
at org.apache.maven.surefire.booter.ForkedBooter.runSuitesInProcess(ForkedBooter.java:385)
at org.apache.maven.surefire.booter.ForkedBooter.execute(ForkedBooter.java:162)
at org.apache.maven.surefire.booter.ForkedBooter.run(ForkedBooter.java:507)
at org.apache.maven.surefire.booter.ForkedBooter.main(ForkedBooter.java:495)
]]>
            </full-stacktrace>
          </exception> <!-- junit.framework.AssertionFailedError -->
          <reporter-output>
          </reporter-output>
        </test-method> <!-- cancelBooking -->
      </class> <!-- test.TS_003_CancelBookingPageTest -->
      <class name="test.LoginPageTest">
        <test-method is-config="true" signature="report()[pri:0, instance:test.LoginPageTest@14cd1699]" started-at="2024-11-22T20:27:22 IST" name="report" finished-at="2024-11-22T20:27:22 IST" duration-ms="255" status="PASS">
          <reporter-output>
          </reporter-output>
        </test-method> <!-- report -->
        <test-method is-config="true" signature="setup()[pri:0, instance:test.LoginPageTest@14cd1699]" started-at="2024-11-22T20:27:22 IST" name="setup" finished-at="2024-11-22T20:27:22 IST" duration-ms="1" status="PASS">
          <reporter-output>
          </reporter-output>
        </test-method> <!-- setup -->
        <test-method is-config="true" signature="testDetails()[pri:0, instance:test.LoginPageTest@14cd1699]" started-at="2024-11-22T20:27:22 IST" name="testDetails" finished-at="2024-11-22T20:27:22 IST" duration-ms="7" status="PASS">
          <reporter-output>
          </reporter-output>
        </test-method> <!-- testDetails -->
        <test-method is-config="true" signature="openBrowser()[pri:0, instance:test.LoginPageTest@14cd1699]" started-at="2024-11-22T20:27:22 IST" name="openBrowser" finished-at="2024-11-22T20:27:26 IST" duration-ms="3604" status="PASS">
          <reporter-output>
          </reporter-output>
        </test-method> <!-- openBrowser -->
        <test-method signature="LoginToAdactin()[pri:0, instance:test.LoginPageTest@14cd1699]" started-at="2024-11-22T20:27:26 IST" name="LoginToAdactin" finished-at="2024-11-22T20:27:27 IST" duration-ms="839" status="PASS">
          <reporter-output>
          </reporter-output>
        </test-method> <!-- LoginToAdactin -->
        <test-method is-config="true" signature="reportClose()[pri:0, instance:test.LoginPageTest@14cd1699]" started-at="2024-11-22T20:28:10 IST" name="reportClose" finished-at="2024-11-22T20:28:10 IST" depends-on-methods="test.TS_005_LogoutPageTest.tearDown" duration-ms="363" status="PASS">
          <reporter-output>
          </reporter-output>
        </test-method> <!-- reportClose -->
      </class> <!-- test.LoginPageTest -->
      <class name="test.TS_001_LoginWithParametersTest">
        <test-method is-config="true" signature="setup()[pri:0, instance:test.TS_001_LoginWithParametersTest@3e694b3f]" started-at="2024-11-22T20:27:22 IST" name="setup" finished-at="2024-11-22T20:27:22 IST" duration-ms="0" status="PASS">
          <reporter-output>
          </reporter-output>
        </test-method> <!-- setup -->
        <test-method is-config="true" signature="testDetails()[pri:0, instance:test.TS_001_LoginWithParametersTest@3e694b3f]" started-at="2024-11-22T20:27:27 IST" name="testDetails" finished-at="2024-11-22T20:27:27 IST" duration-ms="1" status="PASS">
          <reporter-output>
          </reporter-output>
        </test-method> <!-- testDetails -->
        <test-method is-config="true" signature="openBrowser()[pri:0, instance:test.TS_001_LoginWithParametersTest@3e694b3f]" started-at="2024-11-22T20:27:28 IST" name="openBrowser" finished-at="2024-11-22T20:27:30 IST" duration-ms="2144" status="PASS">
          <reporter-output>
          </reporter-output>
        </test-method> <!-- openBrowser -->
        <test-method signature="LoginwithParameter(java.lang.String,java.lang.String)[pri:0, instance:test.TS_001_LoginWithParametersTest@3e694b3f]" started-at="2024-11-22T20:27:30 IST" name="LoginwithParameter" data-provider="ReadData" finished-at="2024-11-22T20:27:30 IST" duration-ms="560" status="PASS">
          <params>
            <param index="0">
              <value>
                <![CDATA[MeGaurav]]>
              </value>
            </param>
            <param index="1">
              <value>
                <![CDATA[Welcome@123]]>
              </value>
            </param>
          </params>
          <reporter-output>
          </reporter-output>
        </test-method> <!-- LoginwithParameter -->
        <test-method is-config="true" signature="openBrowser()[pri:0, instance:test.TS_001_LoginWithParametersTest@3e694b3f]" started-at="2024-11-22T20:27:30 IST" name="openBrowser" finished-at="2024-11-22T20:27:33 IST" duration-ms="2332" status="PASS">
          <reporter-output>
          </reporter-output>
        </test-method> <!-- openBrowser -->
        <test-method signature="LoginwithParameter(java.lang.String,java.lang.String)[pri:0, instance:test.TS_001_LoginWithParametersTest@3e694b3f]" started-at="2024-11-22T20:27:33 IST" name="LoginwithParameter" data-provider="ReadData" finished-at="2024-11-22T20:27:33 IST" duration-ms="413" status="PASS">
          <params>
            <param index="0">
              <value>
                <![CDATA[Gaurav]]>
              </value>
            </param>
            <param index="1">
              <value>
                <![CDATA[Hello@123]]>
              </value>
            </param>
          </params>
          <reporter-output>
          </reporter-output>
        </test-method> <!-- LoginwithParameter -->
        <test-method is-config="true" signature="openBrowser()[pri:0, instance:test.TS_001_LoginWithParametersTest@3e694b3f]" started-at="2024-11-22T20:27:33 IST" name="openBrowser" finished-at="2024-11-22T20:27:35 IST" duration-ms="2117" status="PASS">
          <reporter-output>
          </reporter-output>
        </test-method> <!-- openBrowser -->
        <test-method signature="LoginwithParameter(java.lang.String,java.lang.String)[pri:0, instance:test.TS_001_LoginWithParametersTest@3e694b3f]" started-at="2024-11-22T20:27:35 IST" name="LoginwithParameter" data-provider="ReadData" finished-at="2024-11-22T20:27:36 IST" duration-ms="429" status="PASS">
          <params>
            <param index="0">
              <value>
                <![CDATA[MeGaurav]]>
              </value>
            </param>
            <param index="1">
              <value>
                <![CDATA[Hello@123]]>
              </value>
            </param>
          </params>
          <reporter-output>
          </reporter-output>
        </test-method> <!-- LoginwithParameter -->
        <test-method is-config="true" signature="openBrowser()[pri:0, instance:test.TS_001_LoginWithParametersTest@3e694b3f]" started-at="2024-11-22T20:27:36 IST" name="openBrowser" finished-at="2024-11-22T20:27:38 IST" duration-ms="2228" status="PASS">
          <reporter-output>
          </reporter-output>
        </test-method> <!-- openBrowser -->
        <test-method signature="LoginwithParameter(java.lang.String,java.lang.String)[pri:0, instance:test.TS_001_LoginWithParametersTest@3e694b3f]" started-at="2024-11-22T20:27:38 IST" name="LoginwithParameter" data-provider="ReadData" finished-at="2024-11-22T20:27:38 IST" duration-ms="409" status="PASS">
          <params>
            <param index="0">
              <value>
                <![CDATA[Gaurav]]>
              </value>
            </param>
            <param index="1">
              <value>
                <![CDATA[Hello@123]]>
              </value>
            </param>
          </params>
          <reporter-output>
          </reporter-output>
        </test-method> <!-- LoginwithParameter -->
      </class> <!-- test.TS_001_LoginWithParametersTest -->
      <class name="test.TS_005_LogoutPageTest">
        <test-method is-config="true" signature="setup()[pri:0, instance:test.TS_005_LogoutPageTest@2b71e916]" started-at="2024-11-22T20:27:22 IST" name="setup" finished-at="2024-11-22T20:27:22 IST" duration-ms="1" status="PASS">
          <reporter-output>
          </reporter-output>
        </test-method> <!-- setup -->
        <test-method is-config="true" signature="openBrowser()[pri:0, instance:test.TS_005_LogoutPageTest@2b71e916]" started-at="2024-11-22T20:27:59 IST" name="openBrowser" finished-at="2024-11-22T20:28:02 IST" duration-ms="2298" status="PASS">
          <reporter-output>
          </reporter-output>
        </test-method> <!-- openBrowser -->
        <test-method is-config="true" signature="testDetails()[pri:0, instance:test.TS_005_LogoutPageTest@2b71e916]" started-at="2024-11-22T20:27:59 IST" name="testDetails" finished-at="2024-11-22T20:27:59 IST" duration-ms="0" status="PASS">
          <reporter-output>
          </reporter-output>
        </test-method> <!-- testDetails -->
        <test-method signature="clickOnLogout()[pri:0, instance:test.TS_005_LogoutPageTest@2b71e916]" started-at="2024-11-22T20:28:02 IST" name="clickOnLogout" finished-at="2024-11-22T20:28:03 IST" duration-ms="1194" status="PASS">
          <reporter-output>
          </reporter-output>
        </test-method> <!-- clickOnLogout -->
        <test-method is-config="true" signature="tearDown()[pri:0, instance:test.TS_005_LogoutPageTest@2b71e916]" started-at="2024-11-22T20:28:10 IST" name="tearDown" finished-at="2024-11-22T20:28:10 IST" duration-ms="180" status="PASS">
          <reporter-output>
          </reporter-output>
        </test-method> <!-- tearDown -->
      </class> <!-- test.TS_005_LogoutPageTest -->
      <class name="test.TS_004_ChangePasswordTest">
        <test-method is-config="true" signature="setup()[pri:0, instance:test.TS_004_ChangePasswordTest@36fc695d]" started-at="2024-11-22T20:27:22 IST" name="setup" finished-at="2024-11-22T20:27:22 IST" duration-ms="0" status="PASS">
          <reporter-output>
          </reporter-output>
        </test-method> <!-- setup -->
        <test-method is-config="true" signature="testDetails()[pri:0, instance:test.TS_004_ChangePasswordTest@36fc695d]" started-at="2024-11-22T20:28:03 IST" name="testDetails" finished-at="2024-11-22T20:28:03 IST" duration-ms="0" status="PASS">
          <reporter-output>
          </reporter-output>
        </test-method> <!-- testDetails -->
        <test-method is-config="true" signature="openBrowser()[pri:0, instance:test.TS_004_ChangePasswordTest@36fc695d]" started-at="2024-11-22T20:28:03 IST" name="openBrowser" finished-at="2024-11-22T20:28:05 IST" duration-ms="2393" status="PASS">
          <reporter-output>
          </reporter-output>
        </test-method> <!-- openBrowser -->
        <test-method signature="changePassword()[pri:0, instance:test.TS_004_ChangePasswordTest@36fc695d]" started-at="2024-11-22T20:28:05 IST" name="changePassword" finished-at="2024-11-22T20:28:10 IST" duration-ms="4351" status="PASS">
          <reporter-output>
          </reporter-output>
        </test-method> <!-- changePassword -->
      </class> <!-- test.TS_004_ChangePasswordTest -->
      <class name="test.TS_002_SearchHotelPageTest">
        <test-method is-config="true" signature="setup()[pri:0, instance:test.TS_002_SearchHotelPageTest@1bb5a082]" started-at="2024-11-22T20:27:22 IST" name="setup" finished-at="2024-11-22T20:27:22 IST" duration-ms="0" status="PASS">
          <reporter-output>
          </reporter-output>
        </test-method> <!-- setup -->
        <test-method is-config="true" signature="testDetails()[pri:0, instance:test.TS_002_SearchHotelPageTest@1bb5a082]" started-at="2024-11-22T20:27:38 IST" name="testDetails" finished-at="2024-11-22T20:27:38 IST" duration-ms="1" status="PASS">
          <reporter-output>
          </reporter-output>
        </test-method> <!-- testDetails -->
        <test-method is-config="true" signature="openBrowser()[pri:0, instance:test.TS_002_SearchHotelPageTest@1bb5a082]" started-at="2024-11-22T20:27:38 IST" name="openBrowser" finished-at="2024-11-22T20:27:41 IST" duration-ms="2526" status="PASS">
          <reporter-output>
          </reporter-output>
        </test-method> <!-- openBrowser -->
        <test-method signature="setHotelDetails()[pri:0, instance:test.TS_002_SearchHotelPageTest@1bb5a082]" started-at="2024-11-22T20:27:41 IST" name="setHotelDetails" finished-at="2024-11-22T20:27:52 IST" duration-ms="10945" status="PASS">
          <reporter-output>
          </reporter-output>
        </test-method> <!-- setHotelDetails -->
      </class> <!-- test.TS_002_SearchHotelPageTest -->
    </test> <!-- Test -->
  </suite> <!-- Suite -->
</testng-results>
